[28-Sep-2022 14:04:27 UTC] PHP Warning:  PHP Startup: Unable to load dynamic library 'excel' (tried: ext\excel (No se puede encontrar el módulo especificado.), ext\php_excel.dll (No se puede encontrar el módulo especificado.)) in Unknown on line 0
[28-Sep-2022 14:04:27 UTC] PHP Warning:  PHP Startup: Unable to load dynamic library 'imagick' (tried: ext\imagick (No se puede encontrar el módulo especificado.), ext\php_imagick.dll (No se puede encontrar el módulo especificado.)) in Unknown on line 0
[28-Sep-2022 14:04:27 UTC] PHP Warning:  PHP Startup: Unable to load dynamic library 'svn' (tried: ext\svn (No se puede encontrar el módulo especificado.), ext\php_svn.dll (No se puede encontrar el módulo especificado.)) in Unknown on line 0
[28-Sep-2022 14:05:16 UTC] PHP Warning:  PHP Startup: Unable to load dynamic library 'excel' (tried: ext\excel (No se puede encontrar el módulo especificado.), ext\php_excel.dll (No se puede encontrar el módulo especificado.)) in Unknown on line 0
[28-Sep-2022 14:05:16 UTC] PHP Warning:  PHP Startup: Unable to load dynamic library 'imagick' (tried: ext\imagick (No se puede encontrar el módulo especificado.), ext\php_imagick.dll (No se puede encontrar el módulo especificado.)) in Unknown on line 0
[28-Sep-2022 14:05:16 UTC] PHP Warning:  PHP Startup: Unable to load dynamic library 'svn' (tried: ext\svn (No se puede encontrar el módulo especificado.), ext\php_svn.dll (No se puede encontrar el módulo especificado.)) in Unknown on line 0
[28-Sep-2022 14:07:55 UTC] PHP Warning:  PHP Startup: Unable to load dynamic library 'excel' (tried: ext\excel (No se puede encontrar el módulo especificado.), ext\php_excel.dll (No se puede encontrar el módulo especificado.)) in Unknown on line 0
[28-Sep-2022 14:07:55 UTC] PHP Warning:  PHP Startup: Unable to load dynamic library 'imagick' (tried: ext\imagick (No se puede encontrar el módulo especificado.), ext\php_imagick.dll (No se puede encontrar el módulo especificado.)) in Unknown on line 0
[28-Sep-2022 14:07:56 UTC] PHP Warning:  PHP Startup: Unable to load dynamic library 'svn' (tried: ext\svn (No se puede encontrar el módulo especificado.), ext\php_svn.dll (No se puede encontrar el módulo especificado.)) in Unknown on line 0
[28-Sep-2022 14:10:34 UTC] PHP Warning:  PHP Startup: Unable to load dynamic library 'excel' (tried: ext\excel (No se puede encontrar el módulo especificado.), ext\php_excel.dll (No se puede encontrar el módulo especificado.)) in Unknown on line 0
[28-Sep-2022 14:10:34 UTC] PHP Warning:  PHP Startup: Unable to load dynamic library 'imagick' (tried: ext\imagick (No se puede encontrar el módulo especificado.), ext\php_imagick.dll (No se puede encontrar el módulo especificado.)) in Unknown on line 0
[28-Sep-2022 14:10:35 UTC] PHP Warning:  PHP Startup: Unable to load dynamic library 'svn' (tried: ext\svn (No se puede encontrar el módulo especificado.), ext\php_svn.dll (No se puede encontrar el módulo especificado.)) in Unknown on line 0
[28-Sep-2022 14:10:35 UTC] PHP Warning:  PHP Startup: Unable to load dynamic library 'excel' (tried: ext\excel (No se puede encontrar el módulo especificado.), ext\php_excel.dll (No se puede encontrar el módulo especificado.)) in Unknown on line 0
[28-Sep-2022 14:10:35 UTC] PHP Warning:  PHP Startup: Unable to load dynamic library 'imagick' (tried: ext\imagick (No se puede encontrar el módulo especificado.), ext\php_imagick.dll (No se puede encontrar el módulo especificado.)) in Unknown on line 0
[28-Sep-2022 14:10:35 UTC] PHP Warning:  PHP Startup: Unable to load dynamic library 'svn' (tried: ext\svn (No se puede encontrar el módulo especificado.), ext\php_svn.dll (No se puede encontrar el módulo especificado.)) in Unknown on line 0
[28-Sep-2022 14:10:51 UTC] PHP Warning:  PHP Startup: Unable to load dynamic library 'excel' (tried: ext\excel (No se puede encontrar el módulo especificado.), ext\php_excel.dll (No se puede encontrar el módulo especificado.)) in Unknown on line 0
[28-Sep-2022 14:10:51 UTC] PHP Warning:  PHP Startup: Unable to load dynamic library 'imagick' (tried: ext\imagick (No se puede encontrar el módulo especificado.), ext\php_imagick.dll (No se puede encontrar el módulo especificado.)) in Unknown on line 0
[28-Sep-2022 14:10:51 UTC] PHP Warning:  PHP Startup: Unable to load dynamic library 'svn' (tried: ext\svn (No se puede encontrar el módulo especificado.), ext\php_svn.dll (No se puede encontrar el módulo especificado.)) in Unknown on line 0
[28-Sep-2022 14:15:06 UTC] PHP Warning:  PHP Startup: Unable to load dynamic library 'excel' (tried: ext\excel (No se puede encontrar el módulo especificado.), ext\php_excel.dll (No se puede encontrar el módulo especificado.)) in Unknown on line 0
[28-Sep-2022 14:15:06 UTC] PHP Warning:  PHP Startup: Unable to load dynamic library 'imagick' (tried: ext\imagick (No se puede encontrar el módulo especificado.), ext\php_imagick.dll (No se puede encontrar el módulo especificado.)) in Unknown on line 0
[28-Sep-2022 14:15:06 UTC] PHP Warning:  PHP Startup: Unable to load dynamic library 'svn' (tried: ext\svn (No se puede encontrar el módulo especificado.), ext\php_svn.dll (No se puede encontrar el módulo especificado.)) in Unknown on line 0
[28-Sep-2022 14:16:31 UTC] PHP Warning:  PHP Startup: Unable to load dynamic library 'excel' (tried: ext\excel (No se puede encontrar el módulo especificado.), ext\php_excel.dll (No se puede encontrar el módulo especificado.)) in Unknown on line 0
[28-Sep-2022 14:16:31 UTC] PHP Warning:  PHP Startup: Unable to load dynamic library 'imagick' (tried: ext\imagick (No se puede encontrar el módulo especificado.), ext\php_imagick.dll (No se puede encontrar el módulo especificado.)) in Unknown on line 0
[28-Sep-2022 14:16:32 UTC] PHP Warning:  PHP Startup: Unable to load dynamic library 'svn' (tried: ext\svn (No se puede encontrar el módulo especificado.), ext\php_svn.dll (No se puede encontrar el módulo especificado.)) in Unknown on line 0
[10-Oct-2022 16:55:08 UTC] PHP Warning:  PHP Startup: Unable to load dynamic library 'excel' (tried: ext\excel (No se puede encontrar el módulo especificado.), ext\php_excel.dll (No se puede encontrar el módulo especificado.)) in Unknown on line 0
[10-Oct-2022 16:55:09 UTC] PHP Warning:  PHP Startup: Unable to load dynamic library 'imagick' (tried: ext\imagick (No se puede encontrar el módulo especificado.), ext\php_imagick.dll (No se puede encontrar el módulo especificado.)) in Unknown on line 0
[10-Oct-2022 16:55:09 UTC] PHP Warning:  PHP Startup: Unable to load dynamic library 'svn' (tried: ext\svn (No se puede encontrar el módulo especificado.), ext\php_svn.dll (No se puede encontrar el módulo especificado.)) in Unknown on line 0
[10-Oct-2022 16:55:10 UTC] PHP Warning:  PHP Startup: Unable to load dynamic library 'excel' (tried: ext\excel (No se puede encontrar el módulo especificado.), ext\php_excel.dll (No se puede encontrar el módulo especificado.)) in Unknown on line 0
[10-Oct-2022 16:55:10 UTC] PHP Warning:  PHP Startup: Unable to load dynamic library 'imagick' (tried: ext\imagick (No se puede encontrar el módulo especificado.), ext\php_imagick.dll (No se puede encontrar el módulo especificado.)) in Unknown on line 0
[10-Oct-2022 16:55:10 UTC] PHP Warning:  PHP Startup: Unable to load dynamic library 'svn' (tried: ext\svn (No se puede encontrar el módulo especificado.), ext\php_svn.dll (No se puede encontrar el módulo especificado.)) in Unknown on line 0
[10-Oct-2022 16:55:31 UTC] PHP Warning:  PHP Startup: Unable to load dynamic library 'excel' (tried: ext\excel (No se puede encontrar el módulo especificado.), ext\php_excel.dll (No se puede encontrar el módulo especificado.)) in Unknown on line 0
[10-Oct-2022 16:55:31 UTC] PHP Warning:  PHP Startup: Unable to load dynamic library 'imagick' (tried: ext\imagick (No se puede encontrar el módulo especificado.), ext\php_imagick.dll (No se puede encontrar el módulo especificado.)) in Unknown on line 0
[10-Oct-2022 16:55:31 UTC] PHP Warning:  PHP Startup: Unable to load dynamic library 'svn' (tried: ext\svn (No se puede encontrar el módulo especificado.), ext\php_svn.dll (No se puede encontrar el módulo especificado.)) in Unknown on line 0
[10-Oct-2022 16:55:39 UTC] PHP Warning:  PHP Startup: Unable to load dynamic library 'excel' (tried: ext\excel (No se puede encontrar el módulo especificado.), ext\php_excel.dll (No se puede encontrar el módulo especificado.)) in Unknown on line 0
[10-Oct-2022 16:55:39 UTC] PHP Warning:  PHP Startup: Unable to load dynamic library 'imagick' (tried: ext\imagick (No se puede encontrar el módulo especificado.), ext\php_imagick.dll (No se puede encontrar el módulo especificado.)) in Unknown on line 0
[10-Oct-2022 16:55:39 UTC] PHP Warning:  PHP Startup: Unable to load dynamic library 'svn' (tried: ext\svn (No se puede encontrar el módulo especificado.), ext\php_svn.dll (No se puede encontrar el módulo especificado.)) in Unknown on line 0
[10-Oct-2022 16:55:40 UTC] PHP Warning:  require(C:\Users\Windows\OneDrive\Escritorio\SCEI_PROYECTO\vendor\composer/../symfony/polyfill-php70/bootstrap.php): failed to open stream: No such file or directory in C:\Users\Windows\OneDrive\Escritorio\SCEI_PROYECTO\vendor\composer\autoload_real.php on line 55
[10-Oct-2022 16:55:40 UTC] PHP Stack trace:
[10-Oct-2022 16:55:40 UTC] PHP   1. {main}() C:\Users\Windows\OneDrive\Escritorio\SCEI_PROYECTO\artisan:0
[10-Oct-2022 16:55:40 UTC] PHP   2. require() C:\Users\Windows\OneDrive\Escritorio\SCEI_PROYECTO\artisan:18
[10-Oct-2022 16:55:40 UTC] PHP   3. ComposerAutoloaderInit86b5df23d4abebfc5b7ef40b9ed02d66::getLoader() C:\Users\Windows\OneDrive\Escritorio\SCEI_PROYECTO\vendor\autoload.php:12
[10-Oct-2022 16:55:40 UTC] PHP   4. composerRequire86b5df23d4abebfc5b7ef40b9ed02d66() C:\Users\Windows\OneDrive\Escritorio\SCEI_PROYECTO\vendor\composer\autoload_real.php:38
[10-Oct-2022 16:55:40 UTC] PHP Fatal error:  require(): Failed opening required 'C:\Users\Windows\OneDrive\Escritorio\SCEI_PROYECTO\vendor\composer/../symfony/polyfill-php70/bootstrap.php' (include_path='.;C:\php\pear') in C:\Users\Windows\OneDrive\Escritorio\SCEI_PROYECTO\vendor\composer\autoload_real.php on line 55
[10-Oct-2022 16:55:40 UTC] PHP Stack trace:
[10-Oct-2022 16:55:40 UTC] PHP   1. {main}() C:\Users\Windows\OneDrive\Escritorio\SCEI_PROYECTO\artisan:0
[10-Oct-2022 16:55:40 UTC] PHP   2. require() C:\Users\Windows\OneDrive\Escritorio\SCEI_PROYECTO\artisan:18
[10-Oct-2022 16:55:40 UTC] PHP   3. ComposerAutoloaderInit86b5df23d4abebfc5b7ef40b9ed02d66::getLoader() C:\Users\Windows\OneDrive\Escritorio\SCEI_PROYECTO\vendor\autoload.php:12
[10-Oct-2022 16:55:40 UTC] PHP   4. composerRequire86b5df23d4abebfc5b7ef40b9ed02d66() C:\Users\Windows\OneDrive\Escritorio\SCEI_PROYECTO\vendor\composer\autoload_real.php:38
[10-Oct-2022 16:55:56 UTC] PHP Warning:  PHP Startup: Unable to load dynamic library 'excel' (tried: ext\excel (No se puede encontrar el módulo especificado.), ext\php_excel.dll (No se puede encontrar el módulo especificado.)) in Unknown on line 0
[10-Oct-2022 16:55:56 UTC] PHP Warning:  PHP Startup: Unable to load dynamic library 'imagick' (tried: ext\imagick (No se puede encontrar el módulo especificado.), ext\php_imagick.dll (No se puede encontrar el módulo especificado.)) in Unknown on line 0
[10-Oct-2022 16:55:56 UTC] PHP Warning:  PHP Startup: Unable to load dynamic library 'svn' (tried: ext\svn (No se puede encontrar el módulo especificado.), ext\php_svn.dll (No se puede encontrar el módulo especificado.)) in Unknown on line 0
[10-Oct-2022 16:56:08 UTC] PHP Warning:  PHP Startup: Unable to load dynamic library 'excel' (tried: ext\excel (No se puede encontrar el módulo especificado.), ext\php_excel.dll (No se puede encontrar el módulo especificado.)) in Unknown on line 0
[10-Oct-2022 16:56:08 UTC] PHP Warning:  PHP Startup: Unable to load dynamic library 'imagick' (tried: ext\imagick (No se puede encontrar el módulo especificado.), ext\php_imagick.dll (No se puede encontrar el módulo especificado.)) in Unknown on line 0
[10-Oct-2022 16:56:08 UTC] PHP Warning:  PHP Startup: Unable to load dynamic library 'svn' (tried: ext\svn (No se puede encontrar el módulo especificado.), ext\php_svn.dll (No se puede encontrar el módulo especificado.)) in Unknown on line 0
[02-Dec-2022 05:04:42 UTC] PHP Warning:  PHP Startup: Unable to load dynamic library 'excel' (tried: ext\excel (No se puede encontrar el módulo especificado.), ext\php_excel.dll (No se puede encontrar el módulo especificado.)) in Unknown on line 0
[02-Dec-2022 05:04:42 UTC] PHP Warning:  PHP Startup: Unable to load dynamic library 'imagick' (tried: ext\imagick (No se puede encontrar el módulo especificado.), ext\php_imagick.dll (No se puede encontrar el módulo especificado.)) in Unknown on line 0
[02-Dec-2022 05:04:42 UTC] PHP Warning:  PHP Startup: Unable to load dynamic library 'svn' (tried: ext\svn (No se puede encontrar el módulo especificado.), ext\php_svn.dll (No se puede encontrar el módulo especificado.)) in Unknown on line 0
[02-Dec-2022 05:06:28 UTC] PHP Warning:  PHP Startup: Unable to load dynamic library 'excel' (tried: ext\excel (No se puede encontrar el módulo especificado.), ext\php_excel.dll (No se puede encontrar el módulo especificado.)) in Unknown on line 0
[02-Dec-2022 05:06:28 UTC] PHP Warning:  PHP Startup: Unable to load dynamic library 'imagick' (tried: ext\imagick (No se puede encontrar el módulo especificado.), ext\php_imagick.dll (No se puede encontrar el módulo especificado.)) in Unknown on line 0
[02-Dec-2022 05:06:28 UTC] PHP Warning:  PHP Startup: Unable to load dynamic library 'svn' (tried: ext\svn (No se puede encontrar el módulo especificado.), ext\php_svn.dll (No se puede encontrar el módulo especificado.)) in Unknown on line 0
[02-Dec-2022 05:26:29 UTC] PHP Warning:  PHP Startup: Unable to load dynamic library 'excel' (tried: ext\excel (No se puede encontrar el módulo especificado.), ext\php_excel.dll (No se puede encontrar el módulo especificado.)) in Unknown on line 0
[02-Dec-2022 05:26:30 UTC] PHP Warning:  PHP Startup: Unable to load dynamic library 'imagick' (tried: ext\imagick (No se puede encontrar el módulo especificado.), ext\php_imagick.dll (No se puede encontrar el módulo especificado.)) in Unknown on line 0
[02-Dec-2022 05:26:30 UTC] PHP Warning:  PHP Startup: Unable to load dynamic library 'svn' (tried: ext\svn (No se puede encontrar el módulo especificado.), ext\php_svn.dll (No se puede encontrar el módulo especificado.)) in Unknown on line 0
[02-Dec-2022 05:26:30 UTC] PHP Warning:  PHP Startup: Unable to load dynamic library 'excel' (tried: ext\excel (No se puede encontrar el módulo especificado.), ext\php_excel.dll (No se puede encontrar el módulo especificado.)) in Unknown on line 0
[02-Dec-2022 05:26:30 UTC] PHP Warning:  PHP Startup: Unable to load dynamic library 'imagick' (tried: ext\imagick (No se puede encontrar el módulo especificado.), ext\php_imagick.dll (No se puede encontrar el módulo especificado.)) in Unknown on line 0
[02-Dec-2022 05:26:31 UTC] PHP Warning:  PHP Startup: Unable to load dynamic library 'svn' (tried: ext\svn (No se puede encontrar el módulo especificado.), ext\php_svn.dll (No se puede encontrar el módulo especificado.)) in Unknown on line 0
[02-Dec-2022 05:26:31 UTC] PHP Warning:  PHP Startup: Unable to load dynamic library 'excel' (tried: ext\excel (No se puede encontrar el módulo especificado.), ext\php_excel.dll (No se puede encontrar el módulo especificado.)) in Unknown on line 0
[02-Dec-2022 05:26:31 UTC] PHP Warning:  PHP Startup: Unable to load dynamic library 'imagick' (tried: ext\imagick (No se puede encontrar el módulo especificado.), ext\php_imagick.dll (No se puede encontrar el módulo especificado.)) in Unknown on line 0
[02-Dec-2022 05:26:31 UTC] PHP Warning:  PHP Startup: Unable to load dynamic library 'svn' (tried: ext\svn (No se puede encontrar el módulo especificado.), ext\php_svn.dll (No se puede encontrar el módulo especificado.)) in Unknown on line 0
[02-Dec-2022 05:26:36 UTC] PHP Warning:  PHP Startup: Unable to load dynamic library 'excel' (tried: ext\excel (No se puede encontrar el módulo especificado.), ext\php_excel.dll (No se puede encontrar el módulo especificado.)) in Unknown on line 0
[02-Dec-2022 05:26:36 UTC] PHP Warning:  PHP Startup: Unable to load dynamic library 'imagick' (tried: ext\imagick (No se puede encontrar el módulo especificado.), ext\php_imagick.dll (No se puede encontrar el módulo especificado.)) in Unknown on line 0
[02-Dec-2022 05:26:36 UTC] PHP Warning:  PHP Startup: Unable to load dynamic library 'svn' (tried: ext\svn (No se puede encontrar el módulo especificado.), ext\php_svn.dll (No se puede encontrar el módulo especificado.)) in Unknown on line 0
[02-Dec-2022 05:27:36 UTC] PHP Warning:  PHP Startup: Unable to load dynamic library 'excel' (tried: ext\excel (No se puede encontrar el módulo especificado.), ext\php_excel.dll (No se puede encontrar el módulo especificado.)) in Unknown on line 0
[02-Dec-2022 05:27:36 UTC] PHP Warning:  PHP Startup: Unable to load dynamic library 'imagick' (tried: ext\imagick (No se puede encontrar el módulo especificado.), ext\php_imagick.dll (No se puede encontrar el módulo especificado.)) in Unknown on line 0
[02-Dec-2022 05:27:36 UTC] PHP Warning:  PHP Startup: Unable to load dynamic library 'svn' (tried: ext\svn (No se puede encontrar el módulo especificado.), ext\php_svn.dll (No se puede encontrar el módulo especificado.)) in Unknown on line 0
[03-Dec-2022 15:18:52 UTC] PHP Warning:  PHP Startup: Unable to load dynamic library 'excel' (tried: ext\excel (No se puede encontrar el módulo especificado.), ext\php_excel.dll (No se puede encontrar el módulo especificado.)) in Unknown on line 0
[03-Dec-2022 15:18:52 UTC] PHP Warning:  PHP Startup: Unable to load dynamic library 'imagick' (tried: ext\imagick (No se puede encontrar el módulo especificado.), ext\php_imagick.dll (No se puede encontrar el módulo especificado.)) in Unknown on line 0
[03-Dec-2022 15:18:52 UTC] PHP Warning:  PHP Startup: Unable to load dynamic library 'svn' (tried: ext\svn (No se puede encontrar el módulo especificado.), ext\php_svn.dll (No se puede encontrar el módulo especificado.)) in Unknown on line 0
[03-Dec-2022 15:19:08 UTC] PHP Warning:  PHP Startup: Unable to load dynamic library 'excel' (tried: ext\excel (No se puede encontrar el módulo especificado.), ext\php_excel.dll (No se puede encontrar el módulo especificado.)) in Unknown on line 0
[03-Dec-2022 15:19:08 UTC] PHP Warning:  PHP Startup: Unable to load dynamic library 'imagick' (tried: ext\imagick (No se puede encontrar el módulo especificado.), ext\php_imagick.dll (No se puede encontrar el módulo especificado.)) in Unknown on line 0
[03-Dec-2022 15:19:08 UTC] PHP Warning:  PHP Startup: Unable to load dynamic library 'svn' (tried: ext\svn (No se puede encontrar el módulo especificado.), ext\php_svn.dll (No se puede encontrar el módulo especificado.)) in Unknown on line 0
[03-Dec-2022 15:38:08 UTC] PHP Warning:  PHP Startup: Unable to load dynamic library 'excel' (tried: ext\excel (No se puede encontrar el módulo especificado.), ext\php_excel.dll (No se puede encontrar el módulo especificado.)) in Unknown on line 0
[03-Dec-2022 15:38:08 UTC] PHP Warning:  PHP Startup: Unable to load dynamic library 'imagick' (tried: ext\imagick (No se puede encontrar el módulo especificado.), ext\php_imagick.dll (No se puede encontrar el módulo especificado.)) in Unknown on line 0
[03-Dec-2022 15:38:08 UTC] PHP Warning:  PHP Startup: Unable to load dynamic library 'svn' (tried: ext\svn (No se puede encontrar el módulo especificado.), ext\php_svn.dll (No se puede encontrar el módulo especificado.)) in Unknown on line 0
[03-Dec-2022 15:39:06 UTC] PHP Warning:  PHP Startup: Unable to load dynamic library 'excel' (tried: ext\excel (No se puede encontrar el módulo especificado.), ext\php_excel.dll (No se puede encontrar el módulo especificado.)) in Unknown on line 0
[03-Dec-2022 15:39:06 UTC] PHP Warning:  PHP Startup: Unable to load dynamic library 'imagick' (tried: ext\imagick (No se puede encontrar el módulo especificado.), ext\php_imagick.dll (No se puede encontrar el módulo especificado.)) in Unknown on line 0
[03-Dec-2022 15:39:06 UTC] PHP Warning:  PHP Startup: Unable to load dynamic library 'svn' (tried: ext\svn (No se puede encontrar el módulo especificado.), ext\php_svn.dll (No se puede encontrar el módulo especificado.)) in Unknown on line 0
[03-Dec-2022 15:39:14 UTC] PHP Warning:  PHP Startup: Unable to load dynamic library 'excel' (tried: ext\excel (No se puede encontrar el módulo especificado.), ext\php_excel.dll (No se puede encontrar el módulo especificado.)) in Unknown on line 0
[03-Dec-2022 15:39:14 UTC] PHP Warning:  PHP Startup: Unable to load dynamic library 'imagick' (tried: ext\imagick (No se puede encontrar el módulo especificado.), ext\php_imagick.dll (No se puede encontrar el módulo especificado.)) in Unknown on line 0
[03-Dec-2022 15:39:14 UTC] PHP Warning:  PHP Startup: Unable to load dynamic library 'svn' (tried: ext\svn (No se puede encontrar el módulo especificado.), ext\php_svn.dll (No se puede encontrar el módulo especificado.)) in Unknown on line 0
[03-Dec-2022 15:39:15 UTC] PHP Warning:  PHP Startup: Unable to load dynamic library 'excel' (tried: ext\excel (No se puede encontrar el módulo especificado.), ext\php_excel.dll (No se puede encontrar el módulo especificado.)) in Unknown on line 0
[03-Dec-2022 15:39:15 UTC] PHP Warning:  PHP Startup: Unable to load dynamic library 'imagick' (tried: ext\imagick (No se puede encontrar el módulo especificado.), ext\php_imagick.dll (No se puede encontrar el módulo especificado.)) in Unknown on line 0
[03-Dec-2022 15:39:15 UTC] PHP Warning:  PHP Startup: Unable to load dynamic library 'svn' (tried: ext\svn (No se puede encontrar el módulo especificado.), ext\php_svn.dll (No se puede encontrar el módulo especificado.)) in Unknown on line 0
[03-Dec-2022 15:39:16 UTC] PHP Warning:  PHP Startup: Unable to load dynamic library 'excel' (tried: ext\excel (No se puede encontrar el módulo especificado.), ext\php_excel.dll (No se puede encontrar el módulo especificado.)) in Unknown on line 0
[03-Dec-2022 15:39:16 UTC] PHP Warning:  PHP Startup: Unable to load dynamic library 'imagick' (tried: ext\imagick (No se puede encontrar el módulo especificado.), ext\php_imagick.dll (No se puede encontrar el módulo especificado.)) in Unknown on line 0
[03-Dec-2022 15:39:16 UTC] PHP Warning:  PHP Startup: Unable to load dynamic library 'svn' (tried: ext\svn (No se puede encontrar el módulo especificado.), ext\php_svn.dll (No se puede encontrar el módulo especificado.)) in Unknown on line 0
[03-Dec-2022 15:40:20 UTC] PHP Warning:  PHP Startup: Unable to load dynamic library 'excel' (tried: ext\excel (No se puede encontrar el módulo especificado.), ext\php_excel.dll (No se puede encontrar el módulo especificado.)) in Unknown on line 0
[03-Dec-2022 15:40:20 UTC] PHP Warning:  PHP Startup: Unable to load dynamic library 'imagick' (tried: ext\imagick (No se puede encontrar el módulo especificado.), ext\php_imagick.dll (No se puede encontrar el módulo especificado.)) in Unknown on line 0
[03-Dec-2022 15:40:20 UTC] PHP Warning:  PHP Startup: Unable to load dynamic library 'svn' (tried: ext\svn (No se puede encontrar el módulo especificado.), ext\php_svn.dll (No se puede encontrar el módulo especificado.)) in Unknown on line 0
[03-Dec-2022 15:56:42 UTC] PHP Warning:  PHP Startup: Unable to load dynamic library 'excel' (tried: ext\excel (No se puede encontrar el módulo especificado.), ext\php_excel.dll (No se puede encontrar el módulo especificado.)) in Unknown on line 0
[03-Dec-2022 15:56:42 UTC] PHP Warning:  PHP Startup: Unable to load dynamic library 'imagick' (tried: ext\imagick (No se puede encontrar el módulo especificado.), ext\php_imagick.dll (No se puede encontrar el módulo especificado.)) in Unknown on line 0
[03-Dec-2022 15:56:42 UTC] PHP Warning:  PHP Startup: Unable to load dynamic library 'svn' (tried: ext\svn (No se puede encontrar el módulo especificado.), ext\php_svn.dll (No se puede encontrar el módulo especificado.)) in Unknown on line 0
[03-Dec-2022 15:58:24 UTC] PHP Warning:  PHP Startup: Unable to load dynamic library 'excel' (tried: ext\excel (No se puede encontrar el módulo especificado.), ext\php_excel.dll (No se puede encontrar el módulo especificado.)) in Unknown on line 0
[03-Dec-2022 15:58:24 UTC] PHP Warning:  PHP Startup: Unable to load dynamic library 'imagick' (tried: ext\imagick (No se puede encontrar el módulo especificado.), ext\php_imagick.dll (No se puede encontrar el módulo especificado.)) in Unknown on line 0
[03-Dec-2022 15:58:24 UTC] PHP Warning:  PHP Startup: Unable to load dynamic library 'svn' (tried: ext\svn (No se puede encontrar el módulo especificado.), ext\php_svn.dll (No se puede encontrar el módulo especificado.)) in Unknown on line 0
[03-Dec-2022 16:39:50 UTC] PHP Warning:  PHP Startup: Unable to load dynamic library 'excel' (tried: ext\excel (No se puede encontrar el módulo especificado.), ext\php_excel.dll (No se puede encontrar el módulo especificado.)) in Unknown on line 0
[03-Dec-2022 16:39:53 UTC] PHP Warning:  PHP Startup: Unable to load dynamic library 'imagick' (tried: ext\imagick (No se puede encontrar el módulo especificado.), ext\php_imagick.dll (No se puede encontrar el módulo especificado.)) in Unknown on line 0
[03-Dec-2022 16:40:00 UTC] PHP Warning:  PHP Startup: Unable to load dynamic library 'svn' (tried: ext\svn (No se puede encontrar el módulo especificado.), ext\php_svn.dll (No se puede encontrar el módulo especificado.)) in Unknown on line 0
[03-Dec-2022 16:40:46 UTC] PHP Warning:  PHP Startup: Unable to load dynamic library 'excel' (tried: ext\excel (No se puede encontrar el módulo especificado.), ext\php_excel.dll (No se puede encontrar el módulo especificado.)) in Unknown on line 0
[03-Dec-2022 16:40:46 UTC] PHP Warning:  PHP Startup: Unable to load dynamic library 'imagick' (tried: ext\imagick (No se puede encontrar el módulo especificado.), ext\php_imagick.dll (No se puede encontrar el módulo especificado.)) in Unknown on line 0
[03-Dec-2022 16:40:47 UTC] PHP Warning:  PHP Startup: Unable to load dynamic library 'svn' (tried: ext\svn (No se puede encontrar el módulo especificado.), ext\php_svn.dll (No se puede encontrar el módulo especificado.)) in Unknown on line 0
[03-Dec-2022 16:41:12 UTC] PHP Warning:  PHP Startup: Unable to load dynamic library 'excel' (tried: ext\excel (No se puede encontrar el módulo especificado.), ext\php_excel.dll (No se puede encontrar el módulo especificado.)) in Unknown on line 0
[03-Dec-2022 16:41:12 UTC] PHP Warning:  PHP Startup: Unable to load dynamic library 'imagick' (tried: ext\imagick (No se puede encontrar el módulo especificado.), ext\php_imagick.dll (No se puede encontrar el módulo especificado.)) in Unknown on line 0
[03-Dec-2022 16:41:12 UTC] PHP Warning:  PHP Startup: Unable to load dynamic library 'svn' (tried: ext\svn (No se puede encontrar el módulo especificado.), ext\php_svn.dll (No se puede encontrar el módulo especificado.)) in Unknown on line 0
[03-Dec-2022 16:42:25 UTC] PHP Warning:  PHP Startup: Unable to load dynamic library 'excel' (tried: ext\excel (No se puede encontrar el módulo especificado.), ext\php_excel.dll (No se puede encontrar el módulo especificado.)) in Unknown on line 0
[03-Dec-2022 16:42:25 UTC] PHP Warning:  PHP Startup: Unable to load dynamic library 'imagick' (tried: ext\imagick (No se puede encontrar el módulo especificado.), ext\php_imagick.dll (No se puede encontrar el módulo especificado.)) in Unknown on line 0
[03-Dec-2022 16:42:25 UTC] PHP Warning:  PHP Startup: Unable to load dynamic library 'svn' (tried: ext\svn (No se puede encontrar el módulo especificado.), ext\php_svn.dll (No se puede encontrar el módulo especificado.)) in Unknown on line 0
[03-Dec-2022 16:43:34 UTC] PHP Warning:  PHP Startup: Unable to load dynamic library 'excel' (tried: ext\excel (No se puede encontrar el módulo especificado.), ext\php_excel.dll (No se puede encontrar el módulo especificado.)) in Unknown on line 0
[03-Dec-2022 16:43:34 UTC] PHP Warning:  PHP Startup: Unable to load dynamic library 'imagick' (tried: ext\imagick (No se puede encontrar el módulo especificado.), ext\php_imagick.dll (No se puede encontrar el módulo especificado.)) in Unknown on line 0
[03-Dec-2022 16:43:34 UTC] PHP Warning:  PHP Startup: Unable to load dynamic library 'svn' (tried: ext\svn (No se puede encontrar el módulo especificado.), ext\php_svn.dll (No se puede encontrar el módulo especificado.)) in Unknown on line 0
[03-Dec-2022 16:48:46 UTC] PHP Warning:  PHP Startup: Unable to load dynamic library 'excel' (tried: ext\excel (No se puede encontrar el módulo especificado.), ext\php_excel.dll (No se puede encontrar el módulo especificado.)) in Unknown on line 0
[03-Dec-2022 16:48:46 UTC] PHP Warning:  PHP Startup: Unable to load dynamic library 'imagick' (tried: ext\imagick (No se puede encontrar el módulo especificado.), ext\php_imagick.dll (No se puede encontrar el módulo especificado.)) in Unknown on line 0
[03-Dec-2022 16:48:46 UTC] PHP Warning:  PHP Startup: Unable to load dynamic library 'svn' (tried: ext\svn (No se puede encontrar el módulo especificado.), ext\php_svn.dll (No se puede encontrar el módulo especificado.)) in Unknown on line 0
[03-Dec-2022 16:52:33 UTC] PHP Warning:  PHP Startup: Unable to load dynamic library 'excel' (tried: ext\excel (No se puede encontrar el módulo especificado.), ext\php_excel.dll (No se puede encontrar el módulo especificado.)) in Unknown on line 0
[03-Dec-2022 16:52:33 UTC] PHP Warning:  PHP Startup: Unable to load dynamic library 'imagick' (tried: ext\imagick (No se puede encontrar el módulo especificado.), ext\php_imagick.dll (No se puede encontrar el módulo especificado.)) in Unknown on line 0
[03-Dec-2022 16:52:33 UTC] PHP Warning:  PHP Startup: Unable to load dynamic library 'svn' (tried: ext\svn (No se puede encontrar el módulo especificado.), ext\php_svn.dll (No se puede encontrar el módulo especificado.)) in Unknown on line 0
[03-Dec-2022 16:53:24 UTC] PHP Warning:  PHP Startup: Unable to load dynamic library 'excel' (tried: ext\excel (No se puede encontrar el módulo especificado.), ext\php_excel.dll (No se puede encontrar el módulo especificado.)) in Unknown on line 0
[03-Dec-2022 16:53:24 UTC] PHP Warning:  PHP Startup: Unable to load dynamic library 'imagick' (tried: ext\imagick (No se puede encontrar el módulo especificado.), ext\php_imagick.dll (No se puede encontrar el módulo especificado.)) in Unknown on line 0
[03-Dec-2022 16:53:24 UTC] PHP Warning:  PHP Startup: Unable to load dynamic library 'svn' (tried: ext\svn (No se puede encontrar el módulo especificado.), ext\php_svn.dll (No se puede encontrar el módulo especificado.)) in Unknown on line 0
[03-Dec-2022 16:54:50 UTC] PHP Warning:  PHP Startup: Unable to load dynamic library 'excel' (tried: ext\excel (No se puede encontrar el módulo especificado.), ext\php_excel.dll (No se puede encontrar el módulo especificado.)) in Unknown on line 0
[03-Dec-2022 16:54:50 UTC] PHP Warning:  PHP Startup: Unable to load dynamic library 'imagick' (tried: ext\imagick (No se puede encontrar el módulo especificado.), ext\php_imagick.dll (No se puede encontrar el módulo especificado.)) in Unknown on line 0
[03-Dec-2022 16:54:50 UTC] PHP Warning:  PHP Startup: Unable to load dynamic library 'svn' (tried: ext\svn (No se puede encontrar el módulo especificado.), ext\php_svn.dll (No se puede encontrar el módulo especificado.)) in Unknown on line 0
[03-Dec-2022 16:55:02 UTC] PHP Warning:  PHP Startup: Unable to load dynamic library 'excel' (tried: ext\excel (No se puede encontrar el módulo especificado.), ext\php_excel.dll (No se puede encontrar el módulo especificado.)) in Unknown on line 0
[03-Dec-2022 16:55:02 UTC] PHP Warning:  PHP Startup: Unable to load dynamic library 'imagick' (tried: ext\imagick (No se puede encontrar el módulo especificado.), ext\php_imagick.dll (No se puede encontrar el módulo especificado.)) in Unknown on line 0
[03-Dec-2022 16:55:02 UTC] PHP Warning:  PHP Startup: Unable to load dynamic library 'svn' (tried: ext\svn (No se puede encontrar el módulo especificado.), ext\php_svn.dll (No se puede encontrar el módulo especificado.)) in Unknown on line 0
[03-Dec-2022 16:55:03 UTC] PHP Warning:  PHP Startup: Unable to load dynamic library 'excel' (tried: ext\excel (No se puede encontrar el módulo especificado.), ext\php_excel.dll (No se puede encontrar el módulo especificado.)) in Unknown on line 0
[03-Dec-2022 16:55:03 UTC] PHP Warning:  PHP Startup: Unable to load dynamic library 'imagick' (tried: ext\imagick (No se puede encontrar el módulo especificado.), ext\php_imagick.dll (No se puede encontrar el módulo especificado.)) in Unknown on line 0
[03-Dec-2022 16:55:03 UTC] PHP Warning:  PHP Startup: Unable to load dynamic library 'svn' (tried: ext\svn (No se puede encontrar el módulo especificado.), ext\php_svn.dll (No se puede encontrar el módulo especificado.)) in Unknown on line 0
[03-Dec-2022 16:55:04 UTC] PHP Warning:  PHP Startup: Unable to load dynamic library 'excel' (tried: ext\excel (No se puede encontrar el módulo especificado.), ext\php_excel.dll (No se puede encontrar el módulo especificado.)) in Unknown on line 0
[03-Dec-2022 16:55:04 UTC] PHP Warning:  PHP Startup: Unable to load dynamic library 'imagick' (tried: ext\imagick (No se puede encontrar el módulo especificado.), ext\php_imagick.dll (No se puede encontrar el módulo especificado.)) in Unknown on line 0
[03-Dec-2022 16:55:04 UTC] PHP Warning:  PHP Startup: Unable to load dynamic library 'svn' (tried: ext\svn (No se puede encontrar el módulo especificado.), ext\php_svn.dll (No se puede encontrar el módulo especificado.)) in Unknown on line 0
[03-Dec-2022 16:56:13 UTC] PHP Warning:  PHP Startup: Unable to load dynamic library 'excel' (tried: ext\excel (No se puede encontrar el módulo especificado.), ext\php_excel.dll (No se puede encontrar el módulo especificado.)) in Unknown on line 0
[03-Dec-2022 16:56:13 UTC] PHP Warning:  PHP Startup: Unable to load dynamic library 'imagick' (tried: ext\imagick (No se puede encontrar el módulo especificado.), ext\php_imagick.dll (No se puede encontrar el módulo especificado.)) in Unknown on line 0
[03-Dec-2022 16:56:13 UTC] PHP Warning:  PHP Startup: Unable to load dynamic library 'svn' (tried: ext\svn (No se puede encontrar el módulo especificado.), ext\php_svn.dll (No se puede encontrar el módulo especificado.)) in Unknown on line 0
[03-Dec-2022 17:06:22 UTC] PHP Warning:  PHP Startup: Unable to load dynamic library 'excel' (tried: ext\excel (No se puede encontrar el módulo especificado.), ext\php_excel.dll (No se puede encontrar el módulo especificado.)) in Unknown on line 0
[03-Dec-2022 17:06:22 UTC] PHP Warning:  PHP Startup: Unable to load dynamic library 'imagick' (tried: ext\imagick (No se puede encontrar el módulo especificado.), ext\php_imagick.dll (No se puede encontrar el módulo especificado.)) in Unknown on line 0
[03-Dec-2022 17:06:22 UTC] PHP Warning:  PHP Startup: Unable to load dynamic library 'svn' (tried: ext\svn (No se puede encontrar el módulo especificado.), ext\php_svn.dll (No se puede encontrar el módulo especificado.)) in Unknown on line 0
[03-Dec-2022 17:06:28 UTC] PHP Warning:  PHP Startup: Unable to load dynamic library 'excel' (tried: ext\excel (No se puede encontrar el módulo especificado.), ext\php_excel.dll (No se puede encontrar el módulo especificado.)) in Unknown on line 0
[03-Dec-2022 17:06:28 UTC] PHP Warning:  PHP Startup: Unable to load dynamic library 'imagick' (tried: ext\imagick (No se puede encontrar el módulo especificado.), ext\php_imagick.dll (No se puede encontrar el módulo especificado.)) in Unknown on line 0
[03-Dec-2022 17:06:28 UTC] PHP Warning:  PHP Startup: Unable to load dynamic library 'svn' (tried: ext\svn (No se puede encontrar el módulo especificado.), ext\php_svn.dll (No se puede encontrar el módulo especificado.)) in Unknown on line 0
[03-Dec-2022 17:07:20 UTC] PHP Warning:  PHP Startup: Unable to load dynamic library 'excel' (tried: ext\excel (No se puede encontrar el módulo especificado.), ext\php_excel.dll (No se puede encontrar el módulo especificado.)) in Unknown on line 0
[03-Dec-2022 17:07:20 UTC] PHP Warning:  PHP Startup: Unable to load dynamic library 'imagick' (tried: ext\imagick (No se puede encontrar el módulo especificado.), ext\php_imagick.dll (No se puede encontrar el módulo especificado.)) in Unknown on line 0
[03-Dec-2022 17:07:20 UTC] PHP Warning:  PHP Startup: Unable to load dynamic library 'svn' (tried: ext\svn (No se puede encontrar el módulo especificado.), ext\php_svn.dll (No se puede encontrar el módulo especificado.)) in Unknown on line 0
[03-Dec-2022 17:45:17 UTC] PHP Warning:  PHP Startup: Unable to load dynamic library 'excel' (tried: ext\excel (No se puede encontrar el módulo especificado.), ext\php_excel.dll (No se puede encontrar el módulo especificado.)) in Unknown on line 0
[03-Dec-2022 17:45:17 UTC] PHP Warning:  PHP Startup: Unable to load dynamic library 'imagick' (tried: ext\imagick (No se puede encontrar el módulo especificado.), ext\php_imagick.dll (No se puede encontrar el módulo especificado.)) in Unknown on line 0
[03-Dec-2022 17:45:17 UTC] PHP Warning:  PHP Startup: Unable to load dynamic library 'svn' (tried: ext\svn (No se puede encontrar el módulo especificado.), ext\php_svn.dll (No se puede encontrar el módulo especificado.)) in Unknown on line 0
